[2025-09-10 09:28:30] laravel.EMERGENCY: Unable to create configured logger. Using emergency logger. {"exception":"[object] (InvalidArgumentException(code: 0): Log [] is not defined. at /Users/jagmeetsinghsachdeva/Documents/GitHub/laravel/task-manager/vendor/laravel/framework/src/Illuminate/Log/LogManager.php:212)
[stacktrace]
#0 /Users/jagmeetsinghsachdeva/Documents/GitHub/laravel/task-manager/vendor/laravel/framework/src/Illuminate/Log/LogManager.php(137): Illuminate\\Log\\LogManager->resolve(NULL, NULL)
#1 /Users/jagmeetsinghsachdeva/Documents/GitHub/laravel/task-manager/vendor/laravel/framework/src/Illuminate/Log/LogManager.php(124): Illuminate\\Log\\LogManager->get(NULL)
#2 /Users/jagmeetsinghsachdeva/Documents/GitHub/laravel/task-manager/vendor/laravel/framework/src/Illuminate/Log/LogManager.php(681): Illuminate\\Log\\LogManager->driver()
#3 /Users/jagmeetsinghsachdeva/Documents/GitHub/laravel/task-manager/vendor/laravel/framework/src/Illuminate/Foundation/Exceptions/Handler.php(317): Illuminate\\Log\\LogManager->error('The /Users/jagm...', Array)
#4 /Users/jagmeetsinghsachdeva/Documents/GitHub/laravel/task-manager/vendor/laravel/framework/src/Illuminate/Foundation/Exceptions/Handler.php(278): Illuminate\\Foundation\\Exceptions\\Handler->reportThrowable(Object(Exception))
#5 /Users/jagmeetsinghsachdeva/Documents/GitHub/laravel/task-manager/vendor/laravel/framework/src/Illuminate/Foundation/Http/Kernel.php(497): Illuminate\\Foundation\\Exceptions\\Handler->report(Object(Exception))
#6 /Users/jagmeetsinghsachdeva/Documents/GitHub/laravel/task-manager/vendor/laravel/framework/src/Illuminate/Foundation/Http/Kernel.php(146): Illuminate\\Foundation\\Http\\Kernel->reportException(Object(Exception))
#7 /Users/jagmeetsinghsachdeva/Documents/GitHub/laravel/task-manager/public/index.php(51): Illuminate\\Foundation\\Http\\Kernel->handle(Object(Illuminate\\Http\\Request))
#8 {main}
"} 
[2025-09-10 09:28:30] laravel.ERROR: The /Users/jagmeetsinghsachdeva/Documents/GitHub/laravel/task-manager/bootstrap/cache directory must be present and writable. {"exception":"[object] (Exception(code: 0): The /Users/jagmeetsinghsachdeva/Documents/GitHub/laravel/task-manager/bootstrap/cache directory must be present and writable. at /Users/jagmeetsinghsachdeva/Documents/GitHub/laravel/task-manager/vendor/laravel/framework/src/Illuminate/Foundation/PackageManifest.php:178)
[stacktrace]
#0 /Users/jagmeetsinghsachdeva/Documents/GitHub/laravel/task-manager/vendor/laravel/framework/src/Illuminate/Foundation/PackageManifest.php(131): Illuminate\\Foundation\\PackageManifest->write(Array)
#1 /Users/jagmeetsinghsachdeva/Documents/GitHub/laravel/task-manager/vendor/laravel/framework/src/Illuminate/Foundation/PackageManifest.php(107): Illuminate\\Foundation\\PackageManifest->build()
#2 /Users/jagmeetsinghsachdeva/Documents/GitHub/laravel/task-manager/vendor/laravel/framework/src/Illuminate/Foundation/PackageManifest.php(90): Illuminate\\Foundation\\PackageManifest->getManifest()
#3 /Users/jagmeetsinghsachdeva/Documents/GitHub/laravel/task-manager/vendor/laravel/framework/src/Illuminate/Foundation/PackageManifest.php(79): Illuminate\\Foundation\\PackageManifest->config('aliases')
#4 /Users/jagmeetsinghsachdeva/Documents/GitHub/laravel/task-manager/vendor/laravel/framework/src/Illuminate/Foundation/Bootstrap/RegisterFacades.php(26): Illuminate\\Foundation\\PackageManifest->aliases()
#5 /Users/jagmeetsinghsachdeva/Documents/GitHub/laravel/task-manager/vendor/laravel/framework/src/Illuminate/Foundation/Application.php(286): Illuminate\\Foundation\\Bootstrap\\RegisterFacades->bootstrap(Object(Illuminate\\Foundation\\Application))
#6 /Users/jagmeetsinghsachdeva/Documents/GitHub/laravel/task-manager/vendor/laravel/framework/src/Illuminate/Foundation/Http/Kernel.php(186): Illuminate\\Foundation\\Application->bootstrapWith(Array)
#7 /Users/jagmeetsinghsachdeva/Documents/GitHub/laravel/task-manager/vendor/laravel/framework/src/Illuminate/Foundation/Http/Kernel.php(170): Illuminate\\Foundation\\Http\\Kernel->bootstrap()
#8 /Users/jagmeetsinghsachdeva/Documents/GitHub/laravel/task-manager/vendor/laravel/framework/src/Illuminate/Foundation/Http/Kernel.php(144): Illuminate\\Foundation\\Http\\Kernel->sendRequestThroughRouter(Object(Illuminate\\Http\\Request))
#9 /Users/jagmeetsinghsachdeva/Documents/GitHub/laravel/task-manager/public/index.php(51): Illuminate\\Foundation\\Http\\Kernel->handle(Object(Illuminate\\Http\\Request))
#10 {main}
"} 
